# JRE version: OpenJDK Runtime Environment (15.0.2+7) (build 15.0.2+7-27)
# Java VM: OpenJDK 64-Bit Server VM (15.0.2+7-27, mixed mode, tiered, compressed oops, g1 gc, linux-amd64)
GC Precious Log:
 CPUs: 8 total, 8 available
 Memory: 15902M
 Large Page Support: Disabled
 NUMA Support: Disabled
 Compressed Oops: Enabled (32-bit)
 Heap Region Size: 1M
 Heap Min Capacity: 8M
 Heap Initial Capacity: 250M
 Heap Max Capacity: 1G
 Pre-touch: Disabled
 Parallel Workers: 8
 Concurrent Workers: 2
 Concurrent Refinement Workers: 8
 Periodic GC: Disabled
Heap:
 garbage-first heap   total 226304K, used 120806K [0x00000000c0000000, 0x0000000100000000)
  region size 1024K, 27 young (27648K), 4 survivors (4096K)
 Metaspace       used 75333K, capacity 81185K, committed 81664K, reserved 1120256K
  class space    used 8758K, capacity 10700K, committed 10752K, reserved 1048576K
GC Heap History (20 events):
Event: 15.929 GC heap before
{Heap before GC invocations=43 (full 0):
 garbage-first heap   total 140288K, used 109771K [0x00000000c0000000, 0x0000000100000000)
  region size 1024K, 32 young (32768K), 4 survivors (4096K)
 Metaspace       used 68327K, capacity 73653K, committed 73984K, reserved 1114112K
  class space    used 7982K, capacity 9660K, committed 9728K, reserved 1048576K
}
Event: 15.951 GC heap after
{Heap after GC invocations=44 (full 0):
 garbage-first heap   total 140288K, used 90498K [0x00000000c0000000, 0x0000000100000000)
  region size 1024K, 4 young (4096K), 4 survivors (4096K)
 Metaspace       used 68327K, capacity 73653K, committed 73984K, reserved 1114112K
  class space    used 7982K, capacity 9660K, committed 9728K, reserved 1048576K
}
Event: 17.614 GC heap before
{Heap before GC invocations=45 (full 0):
 garbage-first heap   total 163840K, used 107906K [0x00000000c0000000, 0x0000000100000000)
  region size 1024K, 22 young (22528K), 4 survivors (4096K)
 Metaspace       used 69684K, capacity 75055K, committed 75392K, reserved 1114112K
  class space    used 8160K, capacity 9830K, committed 9856K, reserved 1048576K
}
Event: 17.625 GC heap after
{Heap after GC invocations=46 (full 0):
 garbage-first heap   total 163840K, used 93753K [0x00000000c0000000, 0x0000000100000000)
  region size 1024K, 3 young (3072K), 3 survivors (3072K)
 Metaspace       used 69684K, capacity 75055K, committed 75392K, reserved 1114112K
  class space    used 8160K, capacity 9830K, committed 9856K, reserved 1048576K
}
Event: 18.096 GC heap before
{Heap before GC invocations=46 (full 0):
 garbage-first heap   total 163840K, used 123449K [0x00000000c0000000, 0x0000000100000000)
  region size 1024K, 32 young (32768K), 3 survivors (3072K)
 Metaspace       used 71009K, capacity 76434K, committed 76928K, reserved 1116160K
  class space    used 8322K, capacity 9991K, committed 10112K, reserved 1048576K
}
Event: 18.100 GC heap after
{Heap after GC invocations=47 (full 0):
 garbage-first heap   total 226304K, used 98982K [0x00000000c0000000, 0x0000000100000000)
  region size 1024K, 4 young (4096K), 4 survivors (4096K)
 Metaspace       used 71009K, capacity 76434K, committed 76928K, reserved 1116160K
  class space    used 8322K, capacity 9991K, committed 10112K, reserved 1048576K
}
Event: 18.435 GC heap before
{Heap before GC invocations=48 (full 0):
 garbage-first heap   total 226304K, used 160422K [0x00000000c0000000, 0x0000000100000000)
  region size 1024K, 65 young (66560K), 4 survivors (4096K)
 Metaspace       used 71392K, capacity 76850K, committed 77184K, reserved 1116160K
  class space    used 8345K, capacity 10023K, committed 10112K, reserved 1048576K
}
Event: 18.442 GC heap after
{Heap after GC invocations=49 (full 0):
 garbage-first heap   total 226304K, used 105437K [0x00000000c0000000, 0x0000000100000000)
  region size 1024K, 9 young (9216K), 9 survivors (9216K)
 Metaspace       used 71392K, capacity 76850K, committed 77184K, reserved 1116160K
  class space    used 8345K, capacity 10023K, committed 10112K, reserved 1048576K
}
Event: 18.447 GC heap before
{Heap before GC invocations=49 (full 0):
 garbage-first heap   total 226304K, used 107485K [0x00000000c0000000, 0x0000000100000000)
  region size 1024K, 11 young (11264K), 9 survivors (9216K)
 Metaspace       used 71392K, capacity 76850K, committed 77184K, reserved 1116160K
  class space    used 8345K, capacity 10023K, committed 10112K, reserved 1048576K
}
Event: 18.460 GC heap after
{Heap after GC invocations=50 (full 0):
 garbage-first heap   total 226304K, used 93453K [0x00000000c0000000, 0x0000000100000000)
  region size 1024K, 1 young (1024K), 1 survivors (1024K)
 Metaspace       used 71392K, capacity 76850K, committed 77184K, reserved 1116160K
  class space    used 8345K, capacity 10023K, committed 10112K, reserved 1048576K
}
Event: 33.519 GC heap before
{Heap before GC invocations=50 (full 0):
 garbage-first heap   total 226304K, used 157965K [0x00000000c0000000, 0x0000000100000000)
  region size 1024K, 65 young (66560K), 1 survivors (1024K)
 Metaspace       used 73287K, capacity 79079K, committed 79616K, reserved 1118208K
  class space    used 8545K, capacity 10384K, committed 10496K, reserved 1048576K
}
Event: 33.523 GC heap after
{Heap after GC invocations=51 (full 0):
 garbage-first heap   total 226304K, used 95602K [0x00000000c0000000, 0x0000000100000000)
  region size 1024K, 4 young (4096K), 4 survivors (4096K)
 Metaspace       used 73287K, capacity 79079K, committed 79616K, reserved 1118208K
  class space    used 8545K, capacity 10384K, committed 10496K, reserved 1048576K
}
Event: 62.329 GC heap before
{Heap before GC invocations=51 (full 0):
 garbage-first heap   total 226304K, used 165234K [0x00000000c0000000, 0x0000000100000000)
  region size 1024K, 72 young (73728K), 4 survivors (4096K)
 Metaspace       used 73980K, capacity 79819K, committed 80256K, reserved 1118208K
  class space    used 8612K, capacity 10499K, committed 10624K, reserved 1048576K
}
Event: 62.332 GC heap after
{Heap after GC invocations=52 (full 0):
 garbage-first heap   total 226304K, used 98958K [0x00000000c0000000, 0x0000000100000000)
  region size 1024K, 7 young (7168K), 7 survivors (7168K)
 Metaspace       used 73980K, capacity 79819K, committed 80256K, reserved 1118208K
  class space    used 8612K, capacity 10499K, committed 10624K, reserved 1048576K
}
Event: 102.847 GC heap before
{Heap before GC invocations=52 (full 0):
 garbage-first heap   total 226304K, used 170638K [0x00000000c0000000, 0x0000000100000000)
  region size 1024K, 78 young (79872K), 7 survivors (7168K)
 Metaspace       used 74442K, capacity 80338K, committed 80768K, reserved 1120256K
  class space    used 8668K, capacity 10568K, committed 10624K, reserved 1048576K
}
Event: 102.850 GC heap after
{Heap after GC invocations=53 (full 0):
 garbage-first heap   total 226304K, used 99404K [0x00000000c0000000, 0x0000000100000000)
  region size 1024K, 4 young (4096K), 4 survivors (4096K)
 Metaspace       used 74442K, capacity 80338K, committed 80768K, reserved 1120256K
  class space    used 8668K, capacity 10568K, committed 10624K, reserved 1048576K
}
Event: 143.980 GC heap before
{Heap before GC invocations=53 (full 0):
 garbage-first heap   total 226304K, used 181324K [0x00000000c0000000, 0x0000000100000000)
  region size 1024K, 84 young (86016K), 4 survivors (4096K)
 Metaspace       used 74959K, capacity 80597K, committed 81152K, reserved 1120256K
  class space    used 8707K, capacity 10633K, committed 10752K, reserved 1048576K
}
Event: 143.984 GC heap after
{Heap after GC invocations=54 (full 0):
 garbage-first heap   total 226304K, used 98792K [0x00000000c0000000, 0x0000000100000000)
  region size 1024K, 4 young (4096K), 4 survivors (4096K)
 Metaspace       used 74959K, capacity 80597K, committed 81152K, reserved 1120256K
  class space    used 8707K, capacity 10633K, committed 10752K, reserved 1048576K
}
Event: 192.342 GC heap before
{Heap before GC invocations=54 (full 0):
 garbage-first heap   total 226304K, used 183784K [0x00000000c0000000, 0x0000000100000000)
  region size 1024K, 88 young (90112K), 4 survivors (4096K)
 Metaspace       used 75048K, capacity 80792K, committed 81152K, reserved 1120256K
  class space    used 8712K, capacity 10634K, committed 10752K, reserved 1048576K
}
Event: 192.344 GC heap after
{Heap after GC invocations=55 (full 0):
 garbage-first heap   total 226304K, used 99302K [0x00000000c0000000, 0x0000000100000000)
  region size 1024K, 4 young (4096K), 4 survivors (4096K)
 Metaspace       used 75048K, capacity 80792K, committed 81152K, reserved 1120256K
  class space    used 8712K, capacity 10634K, committed 10752K, reserved 1048576K
}

