# JRE version: OpenJDK Runtime Environment (15.0.2+7) (build 15.0.2+7-27)
# Java VM: OpenJDK 64-Bit Server VM (15.0.2+7-27, mixed mode, tiered, compressed oops, g1 gc, linux-amd64)
GC Precious Log:
 CPUs: 8 total, 8 available
 Memory: 15902M
 Large Page Support: Disabled
 NUMA Support: Disabled
 Compressed Oops: Enabled (32-bit)
 Heap Region Size: 1M
 Heap Min Capacity: 8M
 Heap Initial Capacity: 250M
 Heap Max Capacity: 1G
 Pre-touch: Disabled
 Parallel Workers: 8
 Concurrent Workers: 2
 Concurrent Refinement Workers: 8
 Periodic GC: Disabled
Heap:
 garbage-first heap   total 409600K, used 194657K [0x00000000c0000000, 0x0000000100000000)
  region size 1024K, 73 young (74752K), 1 survivors (1024K)
 Metaspace       used 107245K, capacity 114109K, committed 114304K, reserved 1148928K
  class space    used 12155K, capacity 14451K, committed 14464K, reserved 1048576K
GC Heap History (20 events):
Event: 9756.704 GC heap before
{Heap before GC invocations=498 (full 0):
 garbage-first heap   total 409600K, used 365048K [0x00000000c0000000, 0x0000000100000000)
  region size 1024K, 238 young (243712K), 1 survivors (1024K)
 Metaspace       used 107231K, capacity 114109K, committed 114304K, reserved 1148928K
  class space    used 12155K, capacity 14451K, committed 14464K, reserved 1048576K
}
Event: 9756.706 GC heap after
{Heap after GC invocations=499 (full 0):
 garbage-first heap   total 409600K, used 122431K [0x00000000c0000000, 0x0000000100000000)
  region size 1024K, 2 young (2048K), 2 survivors (2048K)
 Metaspace       used 107231K, capacity 114109K, committed 114304K, reserved 1148928K
  class space    used 12155K, capacity 14451K, committed 14464K, reserved 1048576K
}
Event: 9903.154 GC heap before
{Heap before GC invocations=499 (full 0):
 garbage-first heap   total 409600K, used 364095K [0x00000000c0000000, 0x0000000100000000)
  region size 1024K, 238 young (243712K), 2 survivors (2048K)
 Metaspace       used 107231K, capacity 114109K, committed 114304K, reserved 1148928K
  class space    used 12155K, capacity 14451K, committed 14464K, reserved 1048576K
}
Event: 9903.156 GC heap after
{Heap after GC invocations=500 (full 0):
 garbage-first heap   total 409600K, used 122146K [0x00000000c0000000, 0x0000000100000000)
  region size 1024K, 1 young (1024K), 1 survivors (1024K)
 Metaspace       used 107231K, capacity 114109K, committed 114304K, reserved 1148928K
  class space    used 12155K, capacity 14451K, committed 14464K, reserved 1048576K
}
Event: 10049.718 GC heap before
{Heap before GC invocations=501 (full 0):
 garbage-first heap   total 409600K, used 364834K [0x00000000c0000000, 0x0000000100000000)
  region size 1024K, 238 young (243712K), 1 survivors (1024K)
 Metaspace       used 107231K, capacity 114109K, committed 114304K, reserved 1148928K
  class space    used 12155K, capacity 14451K, committed 14464K, reserved 1048576K
}
Event: 10049.720 GC heap after
{Heap after GC invocations=502 (full 0):
 garbage-first heap   total 409600K, used 122182K [0x00000000c0000000, 0x0000000100000000)
  region size 1024K, 1 young (1024K), 1 survivors (1024K)
 Metaspace       used 107231K, capacity 114109K, committed 114304K, reserved 1148928K
  class space    used 12155K, capacity 14451K, committed 14464K, reserved 1048576K
}
Event: 10195.934 GC heap before
{Heap before GC invocations=502 (full 0):
 garbage-first heap   total 409600K, used 365894K [0x00000000c0000000, 0x0000000100000000)
  region size 1024K, 239 young (244736K), 1 survivors (1024K)
 Metaspace       used 107231K, capacity 114109K, committed 114304K, reserved 1148928K
  class space    used 12155K, capacity 14451K, committed 14464K, reserved 1048576K
}
Event: 10195.936 GC heap after
{Heap after GC invocations=503 (full 0):
 garbage-first heap   total 409600K, used 122421K [0x00000000c0000000, 0x0000000100000000)
  region size 1024K, 2 young (2048K), 2 survivors (2048K)
 Metaspace       used 107231K, capacity 114109K, committed 114304K, reserved 1148928K
  class space    used 12155K, capacity 14451K, committed 14464K, reserved 1048576K
}
Event: 10350.170 GC heap before
{Heap before GC invocations=504 (full 0):
 garbage-first heap   total 409600K, used 364085K [0x00000000c0000000, 0x0000000100000000)
  region size 1024K, 238 young (243712K), 2 survivors (2048K)
 Metaspace       used 107231K, capacity 114109K, committed 114304K, reserved 1148928K
  class space    used 12155K, capacity 14451K, committed 14464K, reserved 1048576K
}
Event: 10350.172 GC heap after
{Heap after GC invocations=505 (full 0):
 garbage-first heap   total 409600K, used 121955K [0x00000000c0000000, 0x0000000100000000)
  region size 1024K, 1 young (1024K), 1 survivors (1024K)
 Metaspace       used 107231K, capacity 114109K, committed 114304K, reserved 1148928K
  class space    used 12155K, capacity 14451K, committed 14464K, reserved 1048576K
}
Event: 10504.591 GC heap before
{Heap before GC invocations=505 (full 0):
 garbage-first heap   total 409600K, used 365667K [0x00000000c0000000, 0x0000000100000000)
  region size 1024K, 239 young (244736K), 1 survivors (1024K)
 Metaspace       used 107231K, capacity 114109K, committed 114304K, reserved 1148928K
  class space    used 12155K, capacity 14451K, committed 14464K, reserved 1048576K
}
Event: 10504.593 GC heap after
{Heap after GC invocations=506 (full 0):
 garbage-first heap   total 409600K, used 122046K [0x00000000c0000000, 0x0000000100000000)
  region size 1024K, 1 young (1024K), 1 survivors (1024K)
 Metaspace       used 107231K, capacity 114109K, committed 114304K, reserved 1148928K
  class space    used 12155K, capacity 14451K, committed 14464K, reserved 1048576K
}
Event: 10658.916 GC heap before
{Heap before GC invocations=507 (full 0):
 garbage-first heap   total 409600K, used 365758K [0x00000000c0000000, 0x0000000100000000)
  region size 1024K, 239 young (244736K), 1 survivors (1024K)
 Metaspace       used 107231K, capacity 114109K, committed 114304K, reserved 1148928K
  class space    used 12155K, capacity 14451K, committed 14464K, reserved 1048576K
}
Event: 10658.918 GC heap after
{Heap after GC invocations=508 (full 0):
 garbage-first heap   total 409600K, used 122051K [0x00000000c0000000, 0x0000000100000000)
  region size 1024K, 1 young (1024K), 1 survivors (1024K)
 Metaspace       used 107231K, capacity 114109K, committed 114304K, reserved 1148928K
  class space    used 12155K, capacity 14451K, committed 14464K, reserved 1048576K
}
Event: 10813.564 GC heap before
{Heap before GC invocations=508 (full 0):
 garbage-first heap   total 409600K, used 365763K [0x00000000c0000000, 0x0000000100000000)
  region size 1024K, 239 young (244736K), 1 survivors (1024K)
 Metaspace       used 107232K, capacity 114109K, committed 114304K, reserved 1148928K
  class space    used 12155K, capacity 14451K, committed 14464K, reserved 1048576K
}
Event: 10813.566 GC heap after
{Heap after GC invocations=509 (full 0):
 garbage-first heap   total 409600K, used 122198K [0x00000000c0000000, 0x0000000100000000)
  region size 1024K, 1 young (1024K), 1 survivors (1024K)
 Metaspace       used 107232K, capacity 114109K, committed 114304K, reserved 1148928K
  class space    used 12155K, capacity 14451K, committed 14464K, reserved 1048576K
}
Event: 10968.190 GC heap before
{Heap before GC invocations=510 (full 0):
 garbage-first heap   total 409600K, used 365910K [0x00000000c0000000, 0x0000000100000000)
  region size 1024K, 239 young (244736K), 1 survivors (1024K)
 Metaspace       used 107232K, capacity 114109K, committed 114304K, reserved 1148928K
  class space    used 12155K, capacity 14451K, committed 14464K, reserved 1048576K
}
Event: 10968.192 GC heap after
{Heap after GC invocations=511 (full 0):
 garbage-first heap   total 409600K, used 122155K [0x00000000c0000000, 0x0000000100000000)
  region size 1024K, 1 young (1024K), 1 survivors (1024K)
 Metaspace       used 107232K, capacity 114109K, committed 114304K, reserved 1148928K
  class space    used 12155K, capacity 14451K, committed 14464K, reserved 1048576K
}
Event: 11122.502 GC heap before
{Heap before GC invocations=511 (full 0):
 garbage-first heap   total 409600K, used 365867K [0x00000000c0000000, 0x0000000100000000)
  region size 1024K, 239 young (244736K), 1 survivors (1024K)
 Metaspace       used 107245K, capacity 114109K, committed 114304K, reserved 1148928K
  class space    used 12155K, capacity 14451K, committed 14464K, reserved 1048576K
}
Event: 11122.503 GC heap after
{Heap after GC invocations=512 (full 0):
 garbage-first heap   total 409600K, used 121953K [0x00000000c0000000, 0x0000000100000000)
  region size 1024K, 1 young (1024K), 1 survivors (1024K)
 Metaspace       used 107245K, capacity 114109K, committed 114304K, reserved 1148928K
  class space    used 12155K, capacity 14451K, committed 14464K, reserved 1048576K
}

