# JRE version: OpenJDK Runtime Environment (15.0.2+7) (build 15.0.2+7-27)
# Java VM: OpenJDK 64-Bit Server VM (15.0.2+7-27, mixed mode, tiered, compressed oops, g1 gc, linux-amd64)
GC Precious Log:
 CPUs: 8 total, 8 available
 Memory: 15902M
 Large Page Support: Disabled
 NUMA Support: Disabled
 Compressed Oops: Enabled (32-bit)
 Heap Region Size: 1M
 Heap Min Capacity: 8M
 Heap Initial Capacity: 250M
 Heap Max Capacity: 1G
 Pre-touch: Disabled
 Parallel Workers: 8
 Concurrent Workers: 2
 Concurrent Refinement Workers: 8
 Periodic GC: Disabled
Heap:
 garbage-first heap   total 263168K, used 208487K [0x00000000c0000000, 0x0000000100000000)
  region size 1024K, 64 young (65536K), 5 survivors (5120K)
 Metaspace       used 100740K, capacity 106914K, committed 107520K, reserved 1142784K
  class space    used 11960K, capacity 13972K, committed 14080K, reserved 1048576K
GC Heap History (20 events):
Event: 167.910 GC heap before
{Heap before GC invocations=75 (full 0):
 garbage-first heap   total 263168K, used 190540K [0x00000000c0000000, 0x0000000100000000)
  region size 1024K, 71 young (72704K), 7 survivors (7168K)
 Metaspace       used 99481K, capacity 105686K, committed 106112K, reserved 1140736K
  class space    used 11849K, capacity 13905K, committed 13952K, reserved 1048576K
}
Event: 167.914 GC heap after
{Heap after GC invocations=76 (full 0):
 garbage-first heap   total 263168K, used 127817K [0x00000000c0000000, 0x0000000100000000)
  region size 1024K, 6 young (6144K), 6 survivors (6144K)
 Metaspace       used 99481K, capacity 105686K, committed 106112K, reserved 1140736K
  class space    used 11849K, capacity 13905K, committed 13952K, reserved 1048576K
}
Event: 167.994 GC heap before
{Heap before GC invocations=76 (full 0):
 garbage-first heap   total 263168K, used 149321K [0x00000000c0000000, 0x0000000100000000)
  region size 1024K, 28 young (28672K), 6 survivors (6144K)
 Metaspace       used 99524K, capacity 105750K, committed 106368K, reserved 1142784K
  class space    used 11850K, capacity 13905K, committed 13952K, reserved 1048576K
}
Event: 167.997 GC heap after
{Heap after GC invocations=77 (full 0):
 garbage-first heap   total 263168K, used 129310K [0x00000000c0000000, 0x0000000100000000)
  region size 1024K, 7 young (7168K), 7 survivors (7168K)
 Metaspace       used 99524K, capacity 105750K, committed 106368K, reserved 1142784K
  class space    used 11850K, capacity 13905K, committed 13952K, reserved 1048576K
}
Event: 191.193 GC heap before
{Heap before GC invocations=78 (full 0):
 garbage-first heap   total 263168K, used 222494K [0x00000000c0000000, 0x0000000100000000)
  region size 1024K, 97 young (99328K), 7 survivors (7168K)
 Metaspace       used 99828K, capacity 105980K, committed 106368K, reserved 1142784K
  class space    used 11886K, capacity 13938K, committed 13952K, reserved 1048576K
}
Event: 191.240 GC heap after
{Heap after GC invocations=79 (full 0):
 garbage-first heap   total 263168K, used 148651K [0x00000000c0000000, 0x0000000100000000)
  region size 1024K, 13 young (13312K), 13 survivors (13312K)
 Metaspace       used 99828K, capacity 105980K, committed 106368K, reserved 1142784K
  class space    used 11886K, capacity 13938K, committed 13952K, reserved 1048576K
}
Event: 223.821 GC heap before
{Heap before GC invocations=79 (full 0):
 garbage-first heap   total 263168K, used 215211K [0x00000000c0000000, 0x0000000100000000)
  region size 1024K, 78 young (79872K), 13 survivors (13312K)
 Metaspace       used 99923K, capacity 106108K, committed 106624K, reserved 1142784K
  class space    used 11891K, capacity 13938K, committed 13952K, reserved 1048576K
}
Event: 223.825 GC heap after
{Heap after GC invocations=80 (full 0):
 garbage-first heap   total 263168K, used 140832K [0x00000000c0000000, 0x0000000100000000)
  region size 1024K, 3 young (3072K), 3 survivors (3072K)
 Metaspace       used 99923K, capacity 106108K, committed 106624K, reserved 1142784K
  class space    used 11891K, capacity 13938K, committed 13952K, reserved 1048576K
}
Event: 243.074 GC heap before
{Heap before GC invocations=81 (full 0):
 garbage-first heap   total 263168K, used 212512K [0x00000000c0000000, 0x0000000100000000)
  region size 1024K, 76 young (77824K), 3 survivors (3072K)
 Metaspace       used 99946K, capacity 106108K, committed 106624K, reserved 1142784K
  class space    used 11891K, capacity 13938K, committed 13952K, reserved 1048576K
}
Event: 243.087 GC heap after
{Heap after GC invocations=82 (full 0):
 garbage-first heap   total 263168K, used 141993K [0x00000000c0000000, 0x0000000100000000)
  region size 1024K, 7 young (7168K), 7 survivors (7168K)
 Metaspace       used 99946K, capacity 106108K, committed 106624K, reserved 1142784K
  class space    used 11891K, capacity 13938K, committed 13952K, reserved 1048576K
}
Event: 264.448 GC heap before
{Heap before GC invocations=82 (full 0):
 garbage-first heap   total 263168K, used 214697K [0x00000000c0000000, 0x0000000100000000)
  region size 1024K, 78 young (79872K), 7 survivors (7168K)
 Metaspace       used 99970K, capacity 106108K, committed 106624K, reserved 1142784K
  class space    used 11892K, capacity 13938K, committed 13952K, reserved 1048576K
}
Event: 264.486 GC heap after
{Heap after GC invocations=83 (full 0):
 garbage-first heap   total 263168K, used 152016K [0x00000000c0000000, 0x0000000100000000)
  region size 1024K, 10 young (10240K), 10 survivors (10240K)
 Metaspace       used 99970K, capacity 106108K, committed 106624K, reserved 1142784K
  class space    used 11892K, capacity 13938K, committed 13952K, reserved 1048576K
}
Event: 276.972 GC heap before
{Heap before GC invocations=83 (full 0):
 garbage-first heap   total 263168K, used 211408K [0x00000000c0000000, 0x0000000100000000)
  region size 1024K, 69 young (70656K), 10 survivors (10240K)
 Metaspace       used 99989K, capacity 106108K, committed 106624K, reserved 1142784K
  class space    used 11892K, capacity 13938K, committed 13952K, reserved 1048576K
}
Event: 276.988 GC heap after
{Heap after GC invocations=84 (full 0):
 garbage-first heap   total 263168K, used 149524K [0x00000000c0000000, 0x0000000100000000)
  region size 1024K, 6 young (6144K), 6 survivors (6144K)
 Metaspace       used 99989K, capacity 106108K, committed 106624K, reserved 1142784K
  class space    used 11892K, capacity 13938K, committed 13952K, reserved 1048576K
}
Event: 299.900 GC heap before
{Heap before GC invocations=84 (full 0):
 garbage-first heap   total 263168K, used 213012K [0x00000000c0000000, 0x0000000100000000)
  region size 1024K, 68 young (69632K), 6 survivors (6144K)
 Metaspace       used 100003K, capacity 106108K, committed 106624K, reserved 1142784K
  class space    used 11892K, capacity 13938K, committed 13952K, reserved 1048576K
}
Event: 299.913 GC heap after
{Heap after GC invocations=85 (full 0):
 garbage-first heap   total 263168K, used 147879K [0x00000000c0000000, 0x0000000100000000)
  region size 1024K, 4 young (4096K), 4 survivors (4096K)
 Metaspace       used 100003K, capacity 106108K, committed 106624K, reserved 1142784K
  class space    used 11892K, capacity 13938K, committed 13952K, reserved 1048576K
}
Event: 321.562 GC heap before
{Heap before GC invocations=85 (full 0):
 garbage-first heap   total 263168K, used 214439K [0x00000000c0000000, 0x0000000100000000)
  region size 1024K, 69 young (70656K), 4 survivors (4096K)
 Metaspace       used 100522K, capacity 106719K, committed 107264K, reserved 1142784K
  class space    used 11919K, capacity 13971K, committed 14080K, reserved 1048576K
}
Event: 321.570 GC heap after
{Heap after GC invocations=86 (full 0):
 garbage-first heap   total 263168K, used 149129K [0x00000000c0000000, 0x0000000100000000)
  region size 1024K, 5 young (5120K), 5 survivors (5120K)
 Metaspace       used 100522K, capacity 106719K, committed 107264K, reserved 1142784K
  class space    used 11919K, capacity 13971K, committed 14080K, reserved 1048576K
}
Event: 353.954 GC heap before
{Heap before GC invocations=86 (full 0):
 garbage-first heap   total 263168K, used 216713K [0x00000000c0000000, 0x0000000100000000)
  region size 1024K, 71 young (72704K), 5 survivors (5120K)
 Metaspace       used 100549K, capacity 106783K, committed 107264K, reserved 1142784K
  class space    used 11921K, capacity 13971K, committed 14080K, reserved 1048576K
}
Event: 353.962 GC heap after
{Heap after GC invocations=87 (full 0):
 garbage-first heap   total 263168K, used 149095K [0x00000000c0000000, 0x0000000100000000)
  region size 1024K, 5 young (5120K), 5 survivors (5120K)
 Metaspace       used 100549K, capacity 106783K, committed 107264K, reserved 1142784K
  class space    used 11921K, capacity 13971K, committed 14080K, reserved 1048576K
}

