# JRE version: OpenJDK Runtime Environment (15.0.2+7) (build 15.0.2+7-27)
# Java VM: OpenJDK 64-Bit Server VM (15.0.2+7-27, mixed mode, tiered, compressed oops, g1 gc, linux-amd64)
GC Precious Log:
 CPUs: 8 total, 8 available
 Memory: 15902M
 Large Page Support: Disabled
 NUMA Support: Disabled
 Compressed Oops: Enabled (32-bit)
 Heap Region Size: 1M
 Heap Min Capacity: 8M
 Heap Initial Capacity: 250M
 Heap Max Capacity: 1G
 Pre-touch: Disabled
 Parallel Workers: 8
 Concurrent Workers: 2
 Concurrent Refinement Workers: 8
 Periodic GC: Disabled
Heap:
 garbage-first heap   total 224256K, used 169864K [0x00000000c0000000, 0x0000000100000000)
  region size 1024K, 48 young (49152K), 1 survivors (1024K)
 Metaspace       used 82598K, capacity 88565K, committed 88832K, reserved 1126400K
  class space    used 9747K, capacity 11708K, committed 11776K, reserved 1048576K
GC Heap History (20 events):
Event: 137.222 GC heap before
{Heap before GC invocations=59 (full 0):
 garbage-first heap   total 189440K, used 160230K [0x00000000c0000000, 0x0000000100000000)
  region size 1024K, 56 young (57344K), 2 survivors (2048K)
 Metaspace       used 76540K, capacity 82007K, committed 82176K, reserved 1120256K
  class space    used 8878K, capacity 10678K, committed 10752K, reserved 1048576K
}
Event: 137.224 GC heap after
{Heap after GC invocations=60 (full 0):
 garbage-first heap   total 189440K, used 104367K [0x00000000c0000000, 0x0000000100000000)
  region size 1024K, 1 young (1024K), 1 survivors (1024K)
 Metaspace       used 76540K, capacity 82007K, committed 82176K, reserved 1120256K
  class space    used 8878K, capacity 10678K, committed 10752K, reserved 1048576K
}
Event: 147.514 GC heap before
{Heap before GC invocations=60 (full 0):
 garbage-first heap   total 189440K, used 160687K [0x00000000c0000000, 0x0000000100000000)
  region size 1024K, 57 young (58368K), 1 survivors (1024K)
 Metaspace       used 79581K, capacity 85436K, committed 85632K, reserved 1124352K
  class space    used 9434K, capacity 11326K, committed 11392K, reserved 1048576K
}
Event: 147.515 GC heap after
{Heap after GC invocations=61 (full 0):
 garbage-first heap   total 189440K, used 105138K [0x00000000c0000000, 0x0000000100000000)
  region size 1024K, 2 young (2048K), 2 survivors (2048K)
 Metaspace       used 79581K, capacity 85436K, committed 85632K, reserved 1124352K
  class space    used 9434K, capacity 11326K, committed 11392K, reserved 1048576K
}
Event: 149.375 GC heap before
{Heap before GC invocations=62 (full 0):
 garbage-first heap   total 204800K, used 161458K [0x00000000c0000000, 0x0000000100000000)
  region size 1024K, 57 young (58368K), 2 survivors (2048K)
 Metaspace       used 80182K, capacity 86176K, committed 86528K, reserved 1124352K
  class space    used 9489K, capacity 11426K, committed 11520K, reserved 1048576K
}
Event: 149.378 GC heap after
{Heap after GC invocations=63 (full 0):
 garbage-first heap   total 204800K, used 107303K [0x00000000c0000000, 0x0000000100000000)
  region size 1024K, 4 young (4096K), 4 survivors (4096K)
 Metaspace       used 80182K, capacity 86176K, committed 86528K, reserved 1124352K
  class space    used 9489K, capacity 11426K, committed 11520K, reserved 1048576K
}
Event: 149.443 GC heap before
{Heap before GC invocations=63 (full 0):
 garbage-first heap   total 204800K, used 124711K [0x00000000c0000000, 0x0000000100000000)
  region size 1024K, 22 young (22528K), 4 survivors (4096K)
 Metaspace       used 80217K, capacity 86176K, committed 86528K, reserved 1124352K
  class space    used 9489K, capacity 11426K, committed 11520K, reserved 1048576K
}
Event: 149.446 GC heap after
{Heap after GC invocations=64 (full 0):
 garbage-first heap   total 204800K, used 108660K [0x00000000c0000000, 0x0000000100000000)
  region size 1024K, 6 young (6144K), 6 survivors (6144K)
 Metaspace       used 80217K, capacity 86176K, committed 86528K, reserved 1124352K
  class space    used 9489K, capacity 11426K, committed 11520K, reserved 1048576K
}
Event: 153.551 GC heap before
{Heap before GC invocations=65 (full 0):
 garbage-first heap   total 204800K, used 175220K [0x00000000c0000000, 0x0000000100000000)
  region size 1024K, 70 young (71680K), 6 survivors (6144K)
 Metaspace       used 80420K, capacity 86374K, committed 86784K, reserved 1124352K
  class space    used 9502K, capacity 11427K, committed 11520K, reserved 1048576K
}
Event: 153.597 GC heap after
{Heap after GC invocations=66 (full 0):
 garbage-first heap   total 204800K, used 128736K [0x00000000c0000000, 0x0000000100000000)
  region size 1024K, 9 young (9216K), 9 survivors (9216K)
 Metaspace       used 80420K, capacity 86374K, committed 86784K, reserved 1124352K
  class space    used 9502K, capacity 11427K, committed 11520K, reserved 1048576K
}
Event: 177.985 GC heap before
{Heap before GC invocations=66 (full 0):
 garbage-first heap   total 204800K, used 166624K [0x00000000c0000000, 0x0000000100000000)
  region size 1024K, 46 young (47104K), 9 survivors (9216K)
 Metaspace       used 80426K, capacity 86438K, committed 86784K, reserved 1124352K
  class space    used 9502K, capacity 11427K, committed 11520K, reserved 1048576K
}
Event: 177.987 GC heap after
{Heap after GC invocations=67 (full 0):
 garbage-first heap   total 204800K, used 125574K [0x00000000c0000000, 0x0000000100000000)
  region size 1024K, 2 young (2048K), 2 survivors (2048K)
 Metaspace       used 80426K, capacity 86438K, committed 86784K, reserved 1124352K
  class space    used 9502K, capacity 11427K, committed 11520K, reserved 1048576K
}
Event: 202.352 GC heap before
{Heap before GC invocations=68 (full 0):
 garbage-first heap   total 224256K, used 165510K [0x00000000c0000000, 0x0000000100000000)
  region size 1024K, 43 young (44032K), 2 survivors (2048K)
 Metaspace       used 80428K, capacity 86438K, committed 86784K, reserved 1124352K
  class space    used 9502K, capacity 11427K, committed 11520K, reserved 1048576K
}
Event: 202.354 GC heap after
{Heap after GC invocations=69 (full 0):
 garbage-first heap   total 224256K, used 122931K [0x00000000c0000000, 0x0000000100000000)
  region size 1024K, 1 young (1024K), 1 survivors (1024K)
 Metaspace       used 80428K, capacity 86438K, committed 86784K, reserved 1124352K
  class space    used 9502K, capacity 11427K, committed 11520K, reserved 1048576K
}
Event: 243.022 GC heap before
{Heap before GC invocations=69 (full 0):
 garbage-first heap   total 224256K, used 184371K [0x00000000c0000000, 0x0000000100000000)
  region size 1024K, 61 young (62464K), 1 survivors (1024K)
 Metaspace       used 80431K, capacity 86438K, committed 86784K, reserved 1124352K
  class space    used 9502K, capacity 11427K, committed 11520K, reserved 1048576K
}
Event: 243.023 GC heap after
{Heap after GC invocations=70 (full 0):
 garbage-first heap   total 224256K, used 122296K [0x00000000c0000000, 0x0000000100000000)
  region size 1024K, 1 young (1024K), 1 survivors (1024K)
 Metaspace       used 80431K, capacity 86438K, committed 86784K, reserved 1124352K
  class space    used 9502K, capacity 11427K, committed 11520K, reserved 1048576K
}
Event: 283.699 GC heap before
{Heap before GC invocations=70 (full 0):
 garbage-first heap   total 224256K, used 185784K [0x00000000c0000000, 0x0000000100000000)
  region size 1024K, 63 young (64512K), 1 survivors (1024K)
 Metaspace       used 80431K, capacity 86438K, committed 86784K, reserved 1124352K
  class space    used 9502K, capacity 11427K, committed 11520K, reserved 1048576K
}
Event: 283.701 GC heap after
{Heap after GC invocations=71 (full 0):
 garbage-first heap   total 224256K, used 122191K [0x00000000c0000000, 0x0000000100000000)
  region size 1024K, 1 young (1024K), 1 survivors (1024K)
 Metaspace       used 80431K, capacity 86438K, committed 86784K, reserved 1124352K
  class space    used 9502K, capacity 11427K, committed 11520K, reserved 1048576K
}
Event: 316.376 GC heap before
{Heap before GC invocations=71 (full 0):
 garbage-first heap   total 224256K, used 187727K [0x00000000c0000000, 0x0000000100000000)
  region size 1024K, 65 young (66560K), 1 survivors (1024K)
 Metaspace       used 80455K, capacity 86444K, committed 86784K, reserved 1124352K
  class space    used 9503K, capacity 11428K, committed 11520K, reserved 1048576K
}
Event: 316.377 GC heap after
{Heap after GC invocations=72 (full 0):
 garbage-first heap   total 224256K, used 122760K [0x00000000c0000000, 0x0000000100000000)
  region size 1024K, 1 young (1024K), 1 survivors (1024K)
 Metaspace       used 80455K, capacity 86444K, committed 86784K, reserved 1124352K
  class space    used 9503K, capacity 11428K, committed 11520K, reserved 1048576K
}

