# JRE version: OpenJDK Runtime Environment (15.0.2+7) (build 15.0.2+7-27)
# Java VM: OpenJDK 64-Bit Server VM (15.0.2+7-27, mixed mode, tiered, compressed oops, g1 gc, linux-amd64)
GC Precious Log:
 CPUs: 8 total, 8 available
 Memory: 15902M
 Large Page Support: Disabled
 NUMA Support: Disabled
 Compressed Oops: Enabled (32-bit)
 Heap Region Size: 1M
 Heap Min Capacity: 8M
 Heap Initial Capacity: 250M
 Heap Max Capacity: 1G
 Pre-touch: Disabled
 Parallel Workers: 8
 Concurrent Workers: 2
 Concurrent Refinement Workers: 8
 Periodic GC: Disabled
Heap:
 garbage-first heap   total 195584K, used 116977K [0x00000000c0000000, 0x0000000100000000)
  region size 1024K, 30 young (30720K), 2 survivors (2048K)
 Metaspace       used 75030K, capacity 80671K, committed 81152K, reserved 1120256K
  class space    used 8738K, capacity 10635K, committed 10752K, reserved 1048576K
GC Heap History (20 events):
Event: 16.197 GC heap before
{Heap before GC invocations=46 (full 0):
 garbage-first heap   total 137216K, used 103919K [0x00000000c0000000, 0x0000000100000000)
  region size 1024K, 36 young (36864K), 5 survivors (5120K)
 Metaspace       used 68289K, capacity 73588K, committed 73984K, reserved 1114112K
  class space    used 7980K, capacity 9660K, committed 9728K, reserved 1048576K
}
Event: 16.214 GC heap after
{Heap after GC invocations=47 (full 0):
 garbage-first heap   total 137216K, used 78334K [0x00000000c0000000, 0x0000000100000000)
  region size 1024K, 5 young (5120K), 5 survivors (5120K)
 Metaspace       used 68289K, capacity 73588K, committed 73984K, reserved 1114112K
  class space    used 7980K, capacity 9660K, committed 9728K, reserved 1048576K
}
Event: 16.299 GC heap before
{Heap before GC invocations=47 (full 0):
 garbage-first heap   total 137216K, used 108030K [0x00000000c0000000, 0x0000000100000000)
  region size 1024K, 34 young (34816K), 5 survivors (5120K)
 Metaspace       used 68293K, capacity 73588K, committed 73984K, reserved 1114112K
  class space    used 7980K, capacity 9660K, committed 9728K, reserved 1048576K
}
Event: 16.323 GC heap after
{Heap after GC invocations=48 (full 0):
 garbage-first heap   total 137216K, used 87315K [0x00000000c0000000, 0x0000000100000000)
  region size 1024K, 5 young (5120K), 5 survivors (5120K)
 Metaspace       used 68293K, capacity 73588K, committed 73984K, reserved 1114112K
  class space    used 7980K, capacity 9660K, committed 9728K, reserved 1048576K
}
Event: 18.191 GC heap before
{Heap before GC invocations=49 (full 0):
 garbage-first heap   total 162816K, used 104723K [0x00000000c0000000, 0x0000000100000000)
  region size 1024K, 23 young (23552K), 5 survivors (5120K)
 Metaspace       used 69982K, capacity 75441K, committed 75648K, reserved 1116160K
  class space    used 8206K, capacity 9831K, committed 9856K, reserved 1048576K
}
Event: 18.202 GC heap after
{Heap after GC invocations=50 (full 0):
 garbage-first heap   total 195584K, used 89453K [0x00000000c0000000, 0x0000000100000000)
  region size 1024K, 3 young (3072K), 3 survivors (3072K)
 Metaspace       used 69982K, capacity 75441K, committed 75648K, reserved 1116160K
  class space    used 8206K, capacity 9831K, committed 9856K, reserved 1048576K
}
Event: 18.773 GC heap before
{Heap before GC invocations=50 (full 0):
 garbage-first heap   total 195584K, used 137581K [0x00000000c0000000, 0x0000000100000000)
  region size 1024K, 50 young (51200K), 3 survivors (3072K)
 Metaspace       used 71290K, capacity 76817K, committed 77184K, reserved 1116160K
  class space    used 8341K, capacity 9991K, committed 10112K, reserved 1048576K
}
Event: 18.781 GC heap after
{Heap after GC invocations=51 (full 0):
 garbage-first heap   total 195584K, used 98042K [0x00000000c0000000, 0x0000000100000000)
  region size 1024K, 7 young (7168K), 7 survivors (7168K)
 Metaspace       used 71290K, capacity 76817K, committed 77184K, reserved 1116160K
  class space    used 8341K, capacity 9991K, committed 10112K, reserved 1048576K
}
Event: 19.036 GC heap before
{Heap before GC invocations=52 (full 0):
 garbage-first heap   total 195584K, used 142074K [0x00000000c0000000, 0x0000000100000000)
  region size 1024K, 52 young (53248K), 7 survivors (7168K)
 Metaspace       used 71464K, capacity 76881K, committed 77184K, reserved 1116160K
  class space    used 8347K, capacity 9991K, committed 10112K, reserved 1048576K
}
Event: 19.042 GC heap after
{Heap after GC invocations=53 (full 0):
 garbage-first heap   total 195584K, used 101243K [0x00000000c0000000, 0x0000000100000000)
  region size 1024K, 4 young (4096K), 4 survivors (4096K)
 Metaspace       used 71464K, capacity 76881K, committed 77184K, reserved 1116160K
  class space    used 8347K, capacity 9991K, committed 10112K, reserved 1048576K
}
Event: 33.346 GC heap before
{Heap before GC invocations=53 (full 0):
 garbage-first heap   total 195584K, used 147323K [0x00000000c0000000, 0x0000000100000000)
  region size 1024K, 50 young (51200K), 4 survivors (4096K)
 Metaspace       used 72508K, capacity 78230K, committed 78720K, reserved 1118208K
  class space    used 8445K, capacity 10248K, committed 10368K, reserved 1048576K
}
Event: 33.350 GC heap after
{Heap after GC invocations=54 (full 0):
 garbage-first heap   total 195584K, used 102615K [0x00000000c0000000, 0x0000000100000000)
  region size 1024K, 2 young (2048K), 2 survivors (2048K)
 Metaspace       used 72508K, capacity 78230K, committed 78720K, reserved 1118208K
  class space    used 8445K, capacity 10248K, committed 10368K, reserved 1048576K
}
Event: 45.960 GC heap before
{Heap before GC invocations=55 (full 0):
 garbage-first heap   total 195584K, used 144599K [0x00000000c0000000, 0x0000000100000000)
  region size 1024K, 51 young (52224K), 2 survivors (2048K)
 Metaspace       used 74022K, capacity 79800K, committed 80256K, reserved 1118208K
  class space    used 8634K, capacity 10523K, committed 10624K, reserved 1048576K
}
Event: 45.964 GC heap after
{Heap after GC invocations=56 (full 0):
 garbage-first heap   total 195584K, used 99538K [0x00000000c0000000, 0x0000000100000000)
  region size 1024K, 6 young (6144K), 6 survivors (6144K)
 Metaspace       used 74022K, capacity 79800K, committed 80256K, reserved 1118208K
  class space    used 8634K, capacity 10523K, committed 10624K, reserved 1048576K
}
Event: 45.985 GC heap before
{Heap before GC invocations=56 (full 0):
 garbage-first heap   total 195584K, used 102610K [0x00000000c0000000, 0x0000000100000000)
  region size 1024K, 9 young (9216K), 6 survivors (6144K)
 Metaspace       used 74022K, capacity 79800K, committed 80256K, reserved 1118208K
  class space    used 8634K, capacity 10523K, committed 10624K, reserved 1048576K
}
Event: 45.992 GC heap after
{Heap after GC invocations=57 (full 0):
 garbage-first heap   total 195584K, used 89566K [0x00000000c0000000, 0x0000000100000000)
  region size 1024K, 1 young (1024K), 1 survivors (1024K)
 Metaspace       used 74022K, capacity 79800K, committed 80256K, reserved 1118208K
  class space    used 8634K, capacity 10523K, committed 10624K, reserved 1048576K
}
Event: 79.750 GC heap before
{Heap before GC invocations=57 (full 0):
 garbage-first heap   total 195584K, used 153054K [0x00000000c0000000, 0x0000000100000000)
  region size 1024K, 63 young (64512K), 1 survivors (1024K)
 Metaspace       used 74554K, capacity 80377K, committed 80768K, reserved 1120256K
  class space    used 8684K, capacity 10601K, committed 10624K, reserved 1048576K
}
Event: 79.757 GC heap after
{Heap after GC invocations=58 (full 0):
 garbage-first heap   total 195584K, used 89551K [0x00000000c0000000, 0x0000000100000000)
  region size 1024K, 1 young (1024K), 1 survivors (1024K)
 Metaspace       used 74554K, capacity 80377K, committed 80768K, reserved 1120256K
  class space    used 8684K, capacity 10601K, committed 10624K, reserved 1048576K
}
Event: 119.214 GC heap before
{Heap before GC invocations=59 (full 0):
 garbage-first heap   total 195584K, used 159183K [0x00000000c0000000, 0x0000000100000000)
  region size 1024K, 69 young (70656K), 1 survivors (1024K)
 Metaspace       used 74680K, capacity 80380K, committed 80768K, reserved 1120256K
  class space    used 8693K, capacity 10602K, committed 10624K, reserved 1048576K
}
Event: 119.216 GC heap after
{Heap after GC invocations=60 (full 0):
 garbage-first heap   total 195584K, used 90353K [0x00000000c0000000, 0x0000000100000000)
  region size 1024K, 2 young (2048K), 2 survivors (2048K)
 Metaspace       used 74680K, capacity 80380K, committed 80768K, reserved 1120256K
  class space    used 8693K, capacity 10602K, committed 10624K, reserved 1048576K
}

