# JRE version: OpenJDK Runtime Environment (15.0.2+7) (build 15.0.2+7-27)
# Java VM: OpenJDK 64-Bit Server VM (15.0.2+7-27, mixed mode, tiered, compressed oops, g1 gc, linux-amd64)
GC Precious Log:
 CPUs: 8 total, 8 available
 Memory: 15902M
 Large Page Support: Disabled
 NUMA Support: Disabled
 Compressed Oops: Enabled (32-bit)
 Heap Region Size: 1M
 Heap Min Capacity: 8M
 Heap Initial Capacity: 250M
 Heap Max Capacity: 1G
 Pre-touch: Disabled
 Parallel Workers: 8
 Concurrent Workers: 2
 Concurrent Refinement Workers: 8
 Periodic GC: Disabled
Heap:
 garbage-first heap   total 491520K, used 274607K [0x00000000c0000000, 0x0000000100000000)
  region size 1024K, 12 young (12288K), 1 survivors (1024K)
 Metaspace       used 122162K, capacity 128610K, committed 128896K, reserved 1163264K
  class space    used 13291K, capacity 15432K, committed 15488K, reserved 1048576K
GC Heap History (20 events):
Event: 23912.386 GC heap before
{Heap before GC invocations=1301 (full 0):
 garbage-first heap   total 491520K, used 439263K [0x00000000c0000000, 0x0000000100000000)
  region size 1024K, 172 young (176128K), 2 survivors (2048K)
 Metaspace       used 122162K, capacity 128610K, committed 128896K, reserved 1163264K
  class space    used 13291K, capacity 15432K, committed 15488K, reserved 1048576K
}
Event: 23912.387 GC heap after
{Heap after GC invocations=1302 (full 0):
 garbage-first heap   total 491520K, used 264014K [0x00000000c0000000, 0x0000000100000000)
  region size 1024K, 1 young (1024K), 1 survivors (1024K)
 Metaspace       used 122162K, capacity 128610K, committed 128896K, reserved 1163264K
  class space    used 13291K, capacity 15432K, committed 15488K, reserved 1048576K
}
Event: 24018.149 GC heap before
{Heap before GC invocations=1302 (full 0):
 garbage-first heap   total 491520K, used 439118K [0x00000000c0000000, 0x0000000100000000)
  region size 1024K, 172 young (176128K), 1 survivors (1024K)
 Metaspace       used 122162K, capacity 128610K, committed 128896K, reserved 1163264K
  class space    used 13291K, capacity 15432K, committed 15488K, reserved 1048576K
}
Event: 24018.151 GC heap after
{Heap after GC invocations=1303 (full 0):
 garbage-first heap   total 491520K, used 264531K [0x00000000c0000000, 0x0000000100000000)
  region size 1024K, 1 young (1024K), 1 survivors (1024K)
 Metaspace       used 122162K, capacity 128610K, committed 128896K, reserved 1163264K
  class space    used 13291K, capacity 15432K, committed 15488K, reserved 1048576K
}
Event: 24123.818 GC heap before
{Heap before GC invocations=1303 (full 0):
 garbage-first heap   total 491520K, used 439635K [0x00000000c0000000, 0x0000000100000000)
  region size 1024K, 172 young (176128K), 1 survivors (1024K)
 Metaspace       used 122162K, capacity 128610K, committed 128896K, reserved 1163264K
  class space    used 13291K, capacity 15432K, committed 15488K, reserved 1048576K
}
Event: 24123.819 GC heap after
{Heap after GC invocations=1304 (full 0):
 garbage-first heap   total 491520K, used 264274K [0x00000000c0000000, 0x0000000100000000)
  region size 1024K, 1 young (1024K), 1 survivors (1024K)
 Metaspace       used 122162K, capacity 128610K, committed 128896K, reserved 1163264K
  class space    used 13291K, capacity 15432K, committed 15488K, reserved 1048576K
}
Event: 24221.573 GC heap before
{Heap before GC invocations=1304 (full 0):
 garbage-first heap   total 491520K, used 439378K [0x00000000c0000000, 0x0000000100000000)
  region size 1024K, 172 young (176128K), 1 survivors (1024K)
 Metaspace       used 122162K, capacity 128610K, committed 128896K, reserved 1163264K
  class space    used 13291K, capacity 15432K, committed 15488K, reserved 1048576K
}
Event: 24221.574 GC heap after
{Heap after GC invocations=1305 (full 0):
 garbage-first heap   total 491520K, used 264900K [0x00000000c0000000, 0x0000000100000000)
  region size 1024K, 2 young (2048K), 2 survivors (2048K)
 Metaspace       used 122162K, capacity 128610K, committed 128896K, reserved 1163264K
  class space    used 13291K, capacity 15432K, committed 15488K, reserved 1048576K
}
Event: 24327.441 GC heap before
{Heap before GC invocations=1305 (full 0):
 garbage-first heap   total 491520K, used 438980K [0x00000000c0000000, 0x0000000100000000)
  region size 1024K, 172 young (176128K), 2 survivors (2048K)
 Metaspace       used 122162K, capacity 128610K, committed 128896K, reserved 1163264K
  class space    used 13291K, capacity 15432K, committed 15488K, reserved 1048576K
}
Event: 24327.442 GC heap after
{Heap after GC invocations=1306 (full 0):
 garbage-first heap   total 491520K, used 264565K [0x00000000c0000000, 0x0000000100000000)
  region size 1024K, 1 young (1024K), 1 survivors (1024K)
 Metaspace       used 122162K, capacity 128610K, committed 128896K, reserved 1163264K
  class space    used 13291K, capacity 15432K, committed 15488K, reserved 1048576K
}
Event: 24425.000 GC heap before
{Heap before GC invocations=1306 (full 0):
 garbage-first heap   total 491520K, used 439669K [0x00000000c0000000, 0x0000000100000000)
  region size 1024K, 172 young (176128K), 1 survivors (1024K)
 Metaspace       used 122162K, capacity 128610K, committed 128896K, reserved 1163264K
  class space    used 13291K, capacity 15432K, committed 15488K, reserved 1048576K
}
Event: 24425.001 GC heap after
{Heap after GC invocations=1307 (full 0):
 garbage-first heap   total 491520K, used 264131K [0x00000000c0000000, 0x0000000100000000)
  region size 1024K, 1 young (1024K), 1 survivors (1024K)
 Metaspace       used 122162K, capacity 128610K, committed 128896K, reserved 1163264K
  class space    used 13291K, capacity 15432K, committed 15488K, reserved 1048576K
}
Event: 24530.818 GC heap before
{Heap before GC invocations=1307 (full 0):
 garbage-first heap   total 491520K, used 439235K [0x00000000c0000000, 0x0000000100000000)
  region size 1024K, 172 young (176128K), 1 survivors (1024K)
 Metaspace       used 122162K, capacity 128610K, committed 128896K, reserved 1163264K
  class space    used 13291K, capacity 15432K, committed 15488K, reserved 1048576K
}
Event: 24530.820 GC heap after
{Heap after GC invocations=1308 (full 0):
 garbage-first heap   total 491520K, used 264745K [0x00000000c0000000, 0x0000000100000000)
  region size 1024K, 2 young (2048K), 2 survivors (2048K)
 Metaspace       used 122162K, capacity 128610K, committed 128896K, reserved 1163264K
  class space    used 13291K, capacity 15432K, committed 15488K, reserved 1048576K
}
Event: 24636.615 GC heap before
{Heap before GC invocations=1308 (full 0):
 garbage-first heap   total 491520K, used 438825K [0x00000000c0000000, 0x0000000100000000)
  region size 1024K, 172 young (176128K), 2 survivors (2048K)
 Metaspace       used 122162K, capacity 128610K, committed 128896K, reserved 1163264K
  class space    used 13291K, capacity 15432K, committed 15488K, reserved 1048576K
}
Event: 24636.617 GC heap after
{Heap after GC invocations=1309 (full 0):
 garbage-first heap   total 491520K, used 264151K [0x00000000c0000000, 0x0000000100000000)
  region size 1024K, 1 young (1024K), 1 survivors (1024K)
 Metaspace       used 122162K, capacity 128610K, committed 128896K, reserved 1163264K
  class space    used 13291K, capacity 15432K, committed 15488K, reserved 1048576K
}
Event: 24734.323 GC heap before
{Heap before GC invocations=1309 (full 0):
 garbage-first heap   total 491520K, used 439255K [0x00000000c0000000, 0x0000000100000000)
  region size 1024K, 172 young (176128K), 1 survivors (1024K)
 Metaspace       used 122162K, capacity 128610K, committed 128896K, reserved 1163264K
  class space    used 13291K, capacity 15432K, committed 15488K, reserved 1048576K
}
Event: 24734.325 GC heap after
{Heap after GC invocations=1310 (full 0):
 garbage-first heap   total 491520K, used 265177K [0x00000000c0000000, 0x0000000100000000)
  region size 1024K, 2 young (2048K), 2 survivors (2048K)
 Metaspace       used 122162K, capacity 128610K, committed 128896K, reserved 1163264K
  class space    used 13291K, capacity 15432K, committed 15488K, reserved 1048576K
}
Event: 24839.837 GC heap before
{Heap before GC invocations=1310 (full 0):
 garbage-first heap   total 491520K, used 439257K [0x00000000c0000000, 0x0000000100000000)
  region size 1024K, 172 young (176128K), 2 survivors (2048K)
 Metaspace       used 122162K, capacity 128610K, committed 128896K, reserved 1163264K
  class space    used 13291K, capacity 15432K, committed 15488K, reserved 1048576K
}
Event: 24839.839 GC heap after
{Heap after GC invocations=1311 (full 0):
 garbage-first heap   total 491520K, used 264367K [0x00000000c0000000, 0x0000000100000000)
  region size 1024K, 1 young (1024K), 1 survivors (1024K)
 Metaspace       used 122162K, capacity 128610K, committed 128896K, reserved 1163264K
  class space    used 13291K, capacity 15432K, committed 15488K, reserved 1048576K
}

