# JRE version: OpenJDK Runtime Environment (15.0.2+7) (build 15.0.2+7-27)
# Java VM: OpenJDK 64-Bit Server VM (15.0.2+7-27, mixed mode, tiered, compressed oops, g1 gc, linux-amd64)
GC Precious Log:
 CPUs: 8 total, 8 available
 Memory: 15902M
 Large Page Support: Disabled
 NUMA Support: Disabled
 Compressed Oops: Enabled (32-bit)
 Heap Region Size: 1M
 Heap Min Capacity: 8M
 Heap Initial Capacity: 250M
 Heap Max Capacity: 1G
 Pre-touch: Disabled
 Parallel Workers: 8
 Concurrent Workers: 2
 Concurrent Refinement Workers: 8
 Periodic GC: Disabled
Heap:
 garbage-first heap   total 409600K, used 135005K [0x00000000c0000000, 0x0000000100000000)
  region size 1024K, 16 young (16384K), 2 survivors (2048K)
 Metaspace       used 102377K, capacity 108957K, committed 109056K, reserved 1144832K
  class space    used 11726K, capacity 14035K, committed 14080K, reserved 1048576K
GC Heap History (20 events):
Event: 10965.697 GC heap before
{Heap before GC invocations=468 (full 0):
 garbage-first heap   total 409600K, used 363757K [0x00000000c0000000, 0x0000000100000000)
  region size 1024K, 238 young (243712K), 1 survivors (1024K)
 Metaspace       used 102342K, capacity 108957K, committed 109056K, reserved 1144832K
  class space    used 11726K, capacity 14035K, committed 14080K, reserved 1048576K
}
Event: 10965.698 GC heap after
{Heap after GC invocations=469 (full 0):
 garbage-first heap   total 409600K, used 121106K [0x00000000c0000000, 0x0000000100000000)
  region size 1024K, 1 young (1024K), 1 survivors (1024K)
 Metaspace       used 102342K, capacity 108957K, committed 109056K, reserved 1144832K
  class space    used 11726K, capacity 14035K, committed 14080K, reserved 1048576K
}
Event: 11111.947 GC heap before
{Heap before GC invocations=469 (full 0):
 garbage-first heap   total 409600K, used 363794K [0x00000000c0000000, 0x0000000100000000)
  region size 1024K, 238 young (243712K), 1 survivors (1024K)
 Metaspace       used 102342K, capacity 108957K, committed 109056K, reserved 1144832K
  class space    used 11726K, capacity 14035K, committed 14080K, reserved 1048576K
}
Event: 11111.948 GC heap after
{Heap after GC invocations=470 (full 0):
 garbage-first heap   total 409600K, used 121094K [0x00000000c0000000, 0x0000000100000000)
  region size 1024K, 1 young (1024K), 1 survivors (1024K)
 Metaspace       used 102342K, capacity 108957K, committed 109056K, reserved 1144832K
  class space    used 11726K, capacity 14035K, committed 14080K, reserved 1048576K
}
Event: 11258.094 GC heap before
{Heap before GC invocations=471 (full 0):
 garbage-first heap   total 409600K, used 363782K [0x00000000c0000000, 0x0000000100000000)
  region size 1024K, 238 young (243712K), 1 survivors (1024K)
 Metaspace       used 102343K, capacity 108957K, committed 109056K, reserved 1144832K
  class space    used 11726K, capacity 14035K, committed 14080K, reserved 1048576K
}
Event: 11258.096 GC heap after
{Heap after GC invocations=472 (full 0):
 garbage-first heap   total 409600K, used 121116K [0x00000000c0000000, 0x0000000100000000)
  region size 1024K, 1 young (1024K), 1 survivors (1024K)
 Metaspace       used 102343K, capacity 108957K, committed 109056K, reserved 1144832K
  class space    used 11726K, capacity 14035K, committed 14080K, reserved 1048576K
}
Event: 11404.509 GC heap before
{Heap before GC invocations=472 (full 0):
 garbage-first heap   total 409600K, used 363804K [0x00000000c0000000, 0x0000000100000000)
  region size 1024K, 238 young (243712K), 1 survivors (1024K)
 Metaspace       used 102343K, capacity 108957K, committed 109056K, reserved 1144832K
  class space    used 11726K, capacity 14035K, committed 14080K, reserved 1048576K
}
Event: 11404.510 GC heap after
{Heap after GC invocations=473 (full 0):
 garbage-first heap   total 409600K, used 121405K [0x00000000c0000000, 0x0000000100000000)
  region size 1024K, 2 young (2048K), 2 survivors (2048K)
 Metaspace       used 102343K, capacity 108957K, committed 109056K, reserved 1144832K
  class space    used 11726K, capacity 14035K, committed 14080K, reserved 1048576K
}
Event: 11559.024 GC heap before
{Heap before GC invocations=474 (full 0):
 garbage-first heap   total 409600K, used 363069K [0x00000000c0000000, 0x0000000100000000)
  region size 1024K, 238 young (243712K), 2 survivors (2048K)
 Metaspace       used 102377K, capacity 108957K, committed 109056K, reserved 1144832K
  class space    used 11726K, capacity 14035K, committed 14080K, reserved 1048576K
}
Event: 11559.026 GC heap after
{Heap after GC invocations=475 (full 0):
 garbage-first heap   total 409600K, used 121039K [0x00000000c0000000, 0x0000000100000000)
  region size 1024K, 1 young (1024K), 1 survivors (1024K)
 Metaspace       used 102377K, capacity 108957K, committed 109056K, reserved 1144832K
  class space    used 11726K, capacity 14035K, committed 14080K, reserved 1048576K
}
Event: 11705.473 GC heap before
{Heap before GC invocations=475 (full 0):
 garbage-first heap   total 409600K, used 363727K [0x00000000c0000000, 0x0000000100000000)
  region size 1024K, 238 young (243712K), 1 survivors (1024K)
 Metaspace       used 102377K, capacity 108957K, committed 109056K, reserved 1144832K
  class space    used 11726K, capacity 14035K, committed 14080K, reserved 1048576K
}
Event: 11705.475 GC heap after
{Heap after GC invocations=476 (full 0):
 garbage-first heap   total 409600K, used 122006K [0x00000000c0000000, 0x0000000100000000)
  region size 1024K, 2 young (2048K), 2 survivors (2048K)
 Metaspace       used 102377K, capacity 108957K, committed 109056K, reserved 1144832K
  class space    used 11726K, capacity 14035K, committed 14080K, reserved 1048576K
}
Event: 11859.985 GC heap before
{Heap before GC invocations=477 (full 0):
 garbage-first heap   total 409600K, used 362646K [0x00000000c0000000, 0x0000000100000000)
  region size 1024K, 237 young (242688K), 2 survivors (2048K)
 Metaspace       used 102377K, capacity 108957K, committed 109056K, reserved 1144832K
  class space    used 11726K, capacity 14035K, committed 14080K, reserved 1048576K
}
Event: 11859.986 GC heap after
{Heap after GC invocations=478 (full 0):
 garbage-first heap   total 409600K, used 121126K [0x00000000c0000000, 0x0000000100000000)
  region size 1024K, 1 young (1024K), 1 survivors (1024K)
 Metaspace       used 102377K, capacity 108957K, committed 109056K, reserved 1144832K
  class space    used 11726K, capacity 14035K, committed 14080K, reserved 1048576K
}
Event: 12006.401 GC heap before
{Heap before GC invocations=478 (full 0):
 garbage-first heap   total 409600K, used 363814K [0x00000000c0000000, 0x0000000100000000)
  region size 1024K, 238 young (243712K), 1 survivors (1024K)
 Metaspace       used 102377K, capacity 108957K, committed 109056K, reserved 1144832K
  class space    used 11726K, capacity 14035K, committed 14080K, reserved 1048576K
}
Event: 12006.403 GC heap after
{Heap after GC invocations=479 (full 0):
 garbage-first heap   total 409600K, used 121812K [0x00000000c0000000, 0x0000000100000000)
  region size 1024K, 2 young (2048K), 2 survivors (2048K)
 Metaspace       used 102377K, capacity 108957K, committed 109056K, reserved 1144832K
  class space    used 11726K, capacity 14035K, committed 14080K, reserved 1048576K
}
Event: 12160.994 GC heap before
{Heap before GC invocations=480 (full 0):
 garbage-first heap   total 409600K, used 362452K [0x00000000c0000000, 0x0000000100000000)
  region size 1024K, 237 young (242688K), 2 survivors (2048K)
 Metaspace       used 102377K, capacity 108957K, committed 109056K, reserved 1144832K
  class space    used 11726K, capacity 14035K, committed 14080K, reserved 1048576K
}
Event: 12160.995 GC heap after
{Heap after GC invocations=481 (full 0):
 garbage-first heap   total 409600K, used 121374K [0x00000000c0000000, 0x0000000100000000)
  region size 1024K, 1 young (1024K), 1 survivors (1024K)
 Metaspace       used 102377K, capacity 108957K, committed 109056K, reserved 1144832K
  class space    used 11726K, capacity 14035K, committed 14080K, reserved 1048576K
}
Event: 12307.606 GC heap before
{Heap before GC invocations=481 (full 0):
 garbage-first heap   total 409600K, used 364062K [0x00000000c0000000, 0x0000000100000000)
  region size 1024K, 238 young (243712K), 1 survivors (1024K)
 Metaspace       used 102377K, capacity 108957K, committed 109056K, reserved 1144832K
  class space    used 11726K, capacity 14035K, committed 14080K, reserved 1048576K
}
Event: 12307.608 GC heap after
{Heap after GC invocations=482 (full 0):
 garbage-first heap   total 409600K, used 121693K [0x00000000c0000000, 0x0000000100000000)
  region size 1024K, 2 young (2048K), 2 survivors (2048K)
 Metaspace       used 102377K, capacity 108957K, committed 109056K, reserved 1144832K
  class space    used 11726K, capacity 14035K, committed 14080K, reserved 1048576K
}

